[handleMsg]:  {
  key: {
    remoteJid: '5491135620347@s.whatsapp.net',
    fromMe: false,
    id: '3AB8F17B74CF979A2521',
    participant: undefined
  },
  messageTimestamp: 1747264082,
  pushName: 'Sofia',
  broadcast: false,
  message: Message {
    conversation: 'Hola',
    messageContextInfo: MessageContextInfo {
      deviceListMetadata: [DeviceListMetadata],
      deviceListMetadataVersion: 2,
      messageSecret: [Uint8Array]
    }
  },
  body: 'Hola',
  name: 'Sofia',
  from: '5491135620347',
  host: '5491151568057'
}
[QUEUE_SE_ENVIO]:  {
  ref: 'ans_8807e0ae-03c9-43c5-96c7-ac00554118e6',
  keyword: 'key_87d6a23b-b309-482c-8533-0e6367cb4891',
  answer: '__call_action__',
  options: {
    media: undefined,
    buttons: [],
    capture: false,
    delay: 0,
    idle: undefined,
    ref: undefined,
    nested: [],
    keyword: {},
    callback: true
  },
  refSerialize: 'c0210e0f68612a4500a9fab1ff8e5c46'
}
[handleMsg]:  {
  key: {
    remoteJid: '5491135620347@s.whatsapp.net',
    fromMe: false,
    id: '3AF8C01DAB120766A980',
    participant: undefined
  },
  messageTimestamp: 1747264111,
  pushName: 'Sofia',
  broadcast: false,
  message: Message {
    conversation: 'Quería alquilar el mobiliario para el sábado próximo',
    messageContextInfo: MessageContextInfo {
      deviceListMetadata: [DeviceListMetadata],
      deviceListMetadataVersion: 2,
      messageSecret: [Uint8Array]
    }
  },
  body: 'Quería alquilar el mobiliario para el sábado próximo',
  name: 'Sofia',
  from: '5491135620347',
  host: '5491151568057'
}
[QUEUE_SE_ENVIO]:  {
  ref: 'ans_8807e0ae-03c9-43c5-96c7-ac00554118e6',
  keyword: 'key_87d6a23b-b309-482c-8533-0e6367cb4891',
  answer: '__call_action__',
  options: {
    media: undefined,
    buttons: [],
    capture: false,
    delay: 0,
    idle: undefined,
    ref: undefined,
    nested: [],
    keyword: {},
    callback: true
  },
  refSerialize: 'c0210e0f68612a4500a9fab1ff8e5c46'
}
[handleMsg]:  {
  key: {
    remoteJid: '5491135620347@s.whatsapp.net',
    fromMe: false,
    id: '3A45D1D33A393CBA7AEC',
    participant: undefined
  },
  messageTimestamp: 1747264117,
  pushName: 'Sofia',
  broadcast: false,
  message: Message {
    conversation: 'Sofía',
    messageContextInfo: MessageContextInfo {
      deviceListMetadata: [DeviceListMetadata],
      deviceListMetadataVersion: 2,
      messageSecret: [Uint8Array]
    }
  },
  body: 'Sofía',
  name: 'Sofia',
  from: '5491135620347',
  host: '5491151568057'
}
[QUEUE_SE_ENVIO]:  {
  ref: 'ans_8807e0ae-03c9-43c5-96c7-ac00554118e6',
  keyword: 'key_87d6a23b-b309-482c-8533-0e6367cb4891',
  answer: '__call_action__',
  options: {
    media: undefined,
    buttons: [],
    capture: false,
    delay: 0,
    idle: undefined,
    ref: undefined,
    nested: [],
    keyword: {},
    callback: true
  },
  refSerialize: 'c0210e0f68612a4500a9fab1ff8e5c46'
}
[handleMsg]:  {
  key: {
    remoteJid: '5491135620347@s.whatsapp.net',
    fromMe: false,
    id: '3A3EC50FE465C42FB10D',
    participant: undefined
  },
  messageTimestamp: 1747264126,
  pushName: 'Sofia',
  broadcast: false,
  message: Message {
    conversation: 'En City bell',
    messageContextInfo: MessageContextInfo {
      deviceListMetadata: [DeviceListMetadata],
      deviceListMetadataVersion: 2,
      messageSecret: [Uint8Array]
    }
  },
  body: 'En City bell',
  name: 'Sofia',
  from: '5491135620347',
  host: '5491151568057'
}
[QUEUE_SE_ENVIO]:  {
  ref: 'ans_8807e0ae-03c9-43c5-96c7-ac00554118e6',
  keyword: 'key_87d6a23b-b309-482c-8533-0e6367cb4891',
  answer: '__call_action__',
  options: {
    media: undefined,
    buttons: [],
    capture: false,
    delay: 0,
    idle: undefined,
    ref: undefined,
    nested: [],
    keyword: {},
    callback: true
  },
  refSerialize: 'c0210e0f68612a4500a9fab1ff8e5c46'
}
[handleMsg]:  {
  key: {
    remoteJid: '5491135620347@s.whatsapp.net',
    fromMe: false,
    id: '3ACB06EC9459E0CA2E4D',
    participant: undefined
  },
  messageTimestamp: 1747264142,
  pushName: 'Sofia',
  broadcast: false,
  message: Message {
    conversation: '12.30 am de 16 hs',
    messageContextInfo: MessageContextInfo {
      deviceListMetadata: [DeviceListMetadata],
      deviceListMetadataVersion: 2,
      messageSecret: [Uint8Array]
    }
  },
  body: '12.30 am de 16 hs',
  name: 'Sofia',
  from: '5491135620347',
  host: '5491151568057'
}
[QUEUE_SE_ENVIO]:  {
  ref: 'ans_8807e0ae-03c9-43c5-96c7-ac00554118e6',
  keyword: 'key_87d6a23b-b309-482c-8533-0e6367cb4891',
  answer: '__call_action__',
  options: {
    media: undefined,
    buttons: [],
    capture: false,
    delay: 0,
    idle: undefined,
    ref: undefined,
    nested: [],
    keyword: {},
    callback: true
  },
  refSerialize: 'c0210e0f68612a4500a9fab1ff8e5c46'
}
